<?xml version="1.0" encoding="UTF-8"?>
<testsuite xmlns:xsi="http://www.w3.org/2001/XMLSchema-instance" xsi:noNamespaceSchemaLocation="https://maven.apache.org/surefire/maven-surefire-plugin/xsd/surefire-test-report.xsd" name="com.ttn.SpringJpaHibernate2.inheritencemapping.tablePerClass.SpringJpaHibernate2TablePerClassApplicationTests" time="0.775" tests="2" errors="2" skipped="0" failures="0">
  <properties>
[...]
</properties>
  <testcase name="testCreatePayment" classname="com.ttn.SpringJpaHibernate2.inheritencemapping.tablePerClass.SpringJpaHibernate2TablePerClassApplicationTests" time="0.019">
    <error message="could not execute statement; SQL [n/a]; nested exception is org.hibernate.exception.SQLGrammarException: could not execute statement" type="org.springframework.dao.InvalidDataAccessResourceUsageException">org.springframework.dao.InvalidDataAccessResourceUsageException: could not execute statement; SQL [n/a]; nested exception is org.hibernate.exception.SQLGrammarException: could not execute statement
	at com.ttn.SpringJpaHibernate2.inheritencemapping.tablePerClass.SpringJpaHibernate2TablePerClassApplicationTests.testCreatePayment(SpringJpaHibernate2TablePerClassApplicationTests.java:40)
Caused by: org.hibernate.exception.SQLGrammarException: could not execute statement
	at com.ttn.SpringJpaHibernate2.inheritencemapping.tablePerClass.SpringJpaHibernate2TablePerClassApplicationTests.testCreatePayment(SpringJpaHibernate2TablePerClassApplicationTests.java:40)
Caused by: java.sql.SQLSyntaxErrorException: Table 'mydb.checkpayment' doesn't exist
	at com.ttn.SpringJpaHibernate2.inheritencemapping.tablePerClass.SpringJpaHibernate2TablePerClassApplicationTests.testCreatePayment(SpringJpaHibernate2TablePerClassApplicationTests.java:40)
</error>
    <system-out><![CDATA[2022-10-31 10:36:47.608  INFO 8683 --- [           main] .b.t.c.SpringBootTestContextBootstrapper : Neither @ContextConfiguration nor @ContextHierarchy found for test class [com.ttn.SpringJpaHibernate2.inheritencemapping.tablePerClass.SpringJpaHibernate2TablePerClassApplicationTests], using SpringBootContextLoader
2022-10-31 10:36:47.609  INFO 8683 --- [           main] o.s.t.c.support.AbstractContextLoader    : Could not detect default resource locations for test class [com.ttn.SpringJpaHibernate2.inheritencemapping.tablePerClass.SpringJpaHibernate2TablePerClassApplicationTests]: no resource found for suffixes {-context.xml, Context.groovy}.
2022-10-31 10:36:47.609  INFO 8683 --- [           main] t.c.s.AnnotationConfigContextLoaderUtils : Could not detect default configuration classes for test class [com.ttn.SpringJpaHibernate2.inheritencemapping.tablePerClass.SpringJpaHibernate2TablePerClassApplicationTests]: SpringJpaHibernate2TablePerClassApplicationTests does not declare any static, non-private, non-final, nested classes annotated with @Configuration.
2022-10-31 10:36:47.622  INFO 8683 --- [           main] .b.t.c.SpringBootTestContextBootstrapper : Found @SpringBootConfiguration com.ttn.SpringJpaHibernate2.inheritencemapping.tablePerClass.SpringJpaHibernate2TablePerClassApplication for test class com.ttn.SpringJpaHibernate2.inheritencemapping.tablePerClass.SpringJpaHibernate2TablePerClassApplicationTests
2022-10-31 10:36:47.624  INFO 8683 --- [           main] .b.t.c.SpringBootTestContextBootstrapper : Loaded default TestExecutionListener class names from location [META-INF/spring.factories]: [org.springframework.boot.test.mock.mockito.MockitoTestExecutionListener, org.springframework.boot.test.mock.mockito.ResetMocksTestExecutionListener, org.springframework.boot.test.autoconfigure.restdocs.RestDocsTestExecutionListener, org.springframework.boot.test.autoconfigure.web.client.MockRestServiceServerResetTestExecutionListener, org.springframework.boot.test.autoconfigure.web.servlet.MockMvcPrintOnlyOnFailureTestExecutionListener, org.springframework.boot.test.autoconfigure.web.servlet.WebDriverTestExecutionListener, org.springframework.boot.test.autoconfigure.webservices.client.MockWebServiceServerTestExecutionListener, org.springframework.test.context.web.ServletTestExecutionListener, org.springframework.test.context.support.DirtiesContextBeforeModesTestExecutionListener, org.springframework.test.context.event.ApplicationEventsTestExecutionListener, org.springframework.test.context.support.DependencyInjectionTestExecutionListener, org.springframework.test.context.support.DirtiesContextTestExecutionListener, org.springframework.test.context.transaction.TransactionalTestExecutionListener, org.springframework.test.context.jdbc.SqlScriptsTestExecutionListener, org.springframework.test.context.event.EventPublishingTestExecutionListener]
2022-10-31 10:36:47.625  INFO 8683 --- [           main] .b.t.c.SpringBootTestContextBootstrapper : Using TestExecutionListeners: [org.springframework.test.context.web.ServletTestExecutionListener@30623109, org.springframework.test.context.support.DirtiesContextBeforeModesTestExecutionListener@138110f8, org.springframework.test.context.event.ApplicationEventsTestExecutionListener@4fe8ac61, org.springframework.boot.test.mock.mockito.MockitoTestExecutionListener@665e18d5, org.springframework.boot.test.autoconfigure.SpringBootDependencyInjectionTestExecutionListener@4795876e, org.springframework.test.context.support.DirtiesContextTestExecutionListener@5c8859b4, org.springframework.test.context.transaction.TransactionalTestExecutionListener@56897de0, org.springframework.test.context.jdbc.SqlScriptsTestExecutionListener@40874f54, org.springframework.test.context.event.EventPublishingTestExecutionListener@2bc21edd, org.springframework.boot.test.mock.mockito.ResetMocksTestExecutionListener@3599b7e8, org.springframework.boot.test.autoconfigure.restdocs.RestDocsTestExecutionListener@2862bac6, org.springframework.boot.test.autoconfigure.web.client.MockRestServiceServerResetTestExecutionListener@52e5ad71, org.springframework.boot.test.autoconfigure.web.servlet.MockMvcPrintOnlyOnFailureTestExecutionListener@696a6506, org.springframework.boot.test.autoconfigure.web.servlet.WebDriverTestExecutionListener@1134a934, org.springframework.boot.test.autoconfigure.webservices.client.MockWebServiceServerTestExecutionListener@2cbd855e]

  .   ____          _            __ _ _
 /\\ / ___'_ __ _ _(_)_ __  __ _ \ \ \ \
( ( )\___ | '_ | '_| | '_ \/ _` | \ \ \ \
 \\/  ___)| |_)| | | | | || (_| |  ) ) ) )
  '  |____| .__|_| |_|_| |_\__, | / / / /
 =========|_|==============|___/=/_/_/_/
 :: Spring Boot ::                (v2.7.5)

2022-10-31 10:36:47.646  INFO 8683 --- [           main] aHibernate2TablePerClassApplicationTests : Starting SpringJpaHibernate2TablePerClassApplicationTests using Java 17.0.4.1 on TTNPL-6663 with PID 8683 (started by puneet in /home/puneet/Spring FrameWork/SpringHibernatePart_2-main)
2022-10-31 10:36:47.646  INFO 8683 --- [           main] aHibernate2TablePerClassApplicationTests : No active profile set, falling back to 1 default profile: "default"
2022-10-31 10:36:47.788  INFO 8683 --- [           main] .s.d.r.c.RepositoryConfigurationDelegate : Bootstrapping Spring Data JPA repositories in DEFAULT mode.
2022-10-31 10:36:47.795  INFO 8683 --- [           main] .s.d.r.c.RepositoryConfigurationDelegate : Finished Spring Data repository scanning in 6 ms. Found 1 JPA repository interfaces.
2022-10-31 10:36:47.945  INFO 8683 --- [           main] com.zaxxer.hikari.HikariDataSource       : HikariPool-5 - Starting...
2022-10-31 10:36:47.964  INFO 8683 --- [           main] com.zaxxer.hikari.HikariDataSource       : HikariPool-5 - Start completed.
2022-10-31 10:36:47.973  INFO 8683 --- [           main] o.hibernate.jpa.internal.util.LogHelper  : HHH000204: Processing PersistenceUnitInfo [name: default]
2022-10-31 10:36:47.976  INFO 8683 --- [           main] org.hibernate.dialect.Dialect            : HHH000400: Using dialect: org.hibernate.dialect.MySQL8Dialect
2022-10-31 10:36:48.028  INFO 8683 --- [           main] o.h.e.t.j.p.i.JtaPlatformInitiator       : HHH000490: Using JtaPlatform implementation: [org.hibernate.engine.transaction.jta.platform.internal.NoJtaPlatform]
2022-10-31 10:36:48.029  INFO 8683 --- [           main] j.LocalContainerEntityManagerFactoryBean : Initialized JPA EntityManagerFactory for persistence unit 'default'
2022-10-31 10:36:48.113  WARN 8683 --- [           main] JpaBaseConfiguration$JpaWebConfiguration : spring.jpa.open-in-view is enabled by default. Therefore, database queries may be performed during view rendering. Explicitly configure spring.jpa.open-in-view to disable this warning
2022-10-31 10:36:48.359  INFO 8683 --- [           main] aHibernate2TablePerClassApplicationTests : Started SpringJpaHibernate2TablePerClassApplicationTests in 0.731 seconds (JVM running for 8.424)
Hibernate: select next_val as id_val from hibernate_sequence for update
Hibernate: update hibernate_sequence set next_val= ? where next_val=?
Hibernate: insert into checkpayment (amount, checknumber, id) values (?, ?, ?)
2022-10-31 10:36:48.377  WARN 8683 --- [           main] o.h.engine.jdbc.spi.SqlExceptionHelper   : SQL Error: 1146, SQLState: 42S02
2022-10-31 10:36:48.378 ERROR 8683 --- [           main] o.h.engine.jdbc.spi.SqlExceptionHelper   : Table 'mydb.checkpayment' doesn't exist
2022-10-31 10:36:48.378  INFO 8683 --- [           main] o.h.e.j.b.internal.AbstractBatchImpl     : HHH000010: On release of batch it still contained JDBC statements
]]></system-out>
  </testcase>
  <testcase name="testGetPaymentDetails" classname="com.ttn.SpringJpaHibernate2.inheritencemapping.tablePerClass.SpringJpaHibernate2TablePerClassApplicationTests" time="0.013">
    <error message="could not extract ResultSet; SQL [n/a]; nested exception is org.hibernate.exception.SQLGrammarException: could not extract ResultSet" type="org.springframework.dao.InvalidDataAccessResourceUsageException">org.springframework.dao.InvalidDataAccessResourceUsageException: could not extract ResultSet; SQL [n/a]; nested exception is org.hibernate.exception.SQLGrammarException: could not extract ResultSet
	at com.ttn.SpringJpaHibernate2.inheritencemapping.tablePerClass.SpringJpaHibernate2TablePerClassApplicationTests.testGetPaymentDetails(SpringJpaHibernate2TablePerClassApplicationTests.java:47)
Caused by: org.hibernate.exception.SQLGrammarException: could not extract ResultSet
	at com.ttn.SpringJpaHibernate2.inheritencemapping.tablePerClass.SpringJpaHibernate2TablePerClassApplicationTests.testGetPaymentDetails(SpringJpaHibernate2TablePerClassApplicationTests.java:47)
Caused by: java.sql.SQLSyntaxErrorException: Table 'mydb.checkpayment' doesn't exist
	at com.ttn.SpringJpaHibernate2.inheritencemapping.tablePerClass.SpringJpaHibernate2TablePerClassApplicationTests.testGetPaymentDetails(SpringJpaHibernate2TablePerClassApplicationTests.java:47)
</error>
    <system-out><![CDATA[Hibernate: select payment0_.id as id1_2_, payment0_.amount as amount2_2_, payment0_.checknumber as checknum1_1_, payment0_.cardnumber as cardnumb1_0_, payment0_.clazz_ as clazz_ from ( select id, amount, checknumber, null as cardnumber, 1 as clazz_ from checkpayment union all select id, amount, null as checknumber, cardnumber, 2 as clazz_ from card ) payment0_
2022-10-31 10:36:48.390  WARN 8683 --- [           main] o.h.engine.jdbc.spi.SqlExceptionHelper   : SQL Error: 1146, SQLState: 42S02
2022-10-31 10:36:48.390 ERROR 8683 --- [           main] o.h.engine.jdbc.spi.SqlExceptionHelper   : Table 'mydb.checkpayment' doesn't exist
]]></system-out>
  </testcase>
</testsuite>